  entity.cpp
d:\windows\arnau\downloads\tje2019_2d\src\framework.h(256): warning C4244: 'argument': conversion from 'int' to 'float', possible loss of data
d:\windows\arnau\downloads\tje2019_2d\src\framework.h(258): warning C4244: 'argument': conversion from 'float' to 'unsigned char', possible loss of data
d:\windows\arnau\downloads\tje2019_2d\src\framework.h(274): warning C4244: 'initializing': conversion from 'double' to 'float', possible loss of data
d:\windows\arnau\downloads\tje2019_2d\src\framework.h(277): warning C4244: 'argument': conversion from 'double' to 'unsigned char', possible loss of data
d:\windows\arnau\downloads\tje2019_2d\src\image.h(54): warning C4244: 'argument': conversion from 'unsigned int' to 'float', possible loss of data
d:\windows\arnau\downloads\tje2019_2d\src\image.h(54): warning C4244: '=': conversion from 'float' to 'unsigned int', possible loss of data
d:\windows\arnau\downloads\tje2019_2d\src\image.h(55): warning C4244: 'argument': conversion from 'unsigned int' to 'float', possible loss of data
d:\windows\arnau\downloads\tje2019_2d\src\image.h(55): warning C4244: '=': conversion from 'float' to 'unsigned int', possible loss of data
d:\windows\arnau\downloads\tje2019_2d\src\image.h(62): warning C4018: '>=': signed/unsigned mismatch
d:\windows\arnau\downloads\tje2019_2d\src\image.h(75): warning C4244: 'argument': conversion from 'float' to 'int', possible loss of data
d:\windows\arnau\downloads\tje2019_2d\src\image.h(106): warning C4018: '<': signed/unsigned mismatch
d:\windows\arnau\downloads\tje2019_2d\src\image.h(107): warning C4018: '<': signed/unsigned mismatch
d:\windows\arnau\downloads\tje2019_2d\src\entity.cpp(6): warning C4244: '=': conversion from 'int' to 'float', possible loss of data
d:\windows\arnau\downloads\tje2019_2d\src\entity.cpp(7): warning C4244: '=': conversion from 'int' to 'float', possible loss of data
d:\windows\arnau\downloads\tje2019_2d\src\entity.cpp(12): warning C4244: '=': conversion from 'clock_t' to 'float', possible loss of data
d:\windows\arnau\downloads\tje2019_2d\src\entity.cpp(32): warning C4244: '=': conversion from 'int' to 'float', possible loss of data
d:\windows\arnau\downloads\tje2019_2d\src\entity.cpp(33): warning C4244: '=': conversion from 'int' to 'float', possible loss of data
d:\windows\arnau\downloads\tje2019_2d\src\entity.cpp(47): warning C4244: 'argument': conversion from 'float' to 'int', possible loss of data
  framework.cpp
d:\windows\arnau\downloads\tje2019_2d\src\framework.h(256): warning C4244: 'argument': conversion from 'int' to 'float', possible loss of data
d:\windows\arnau\downloads\tje2019_2d\src\framework.h(258): warning C4244: 'argument': conversion from 'float' to 'unsigned char', possible loss of data
d:\windows\arnau\downloads\tje2019_2d\src\framework.h(274): warning C4244: 'initializing': conversion from 'double' to 'float', possible loss of data
d:\windows\arnau\downloads\tje2019_2d\src\framework.h(277): warning C4244: 'argument': conversion from 'double' to 'unsigned char', possible loss of data
  game.cpp
d:\windows\arnau\downloads\tje2019_2d\src\image.h(62): warning C4018: '>=': signed/unsigned mismatch
d:\windows\arnau\downloads\tje2019_2d\src\image.h(106): warning C4018: '<': signed/unsigned mismatch
d:\windows\arnau\downloads\tje2019_2d\src\image.h(107): warning C4018: '<': signed/unsigned mismatch
d:\windows\arnau\downloads\tje2019_2d\src\game.cpp(165): warning C4018: '<': signed/unsigned mismatch
  image.cpp
d:\windows\arnau\downloads\tje2019_2d\src\framework.h(256): warning C4244: 'argument': conversion from 'int' to 'float', possible loss of data
d:\windows\arnau\downloads\tje2019_2d\src\framework.h(258): warning C4244: 'argument': conversion from 'float' to 'unsigned char', possible loss of data
d:\windows\arnau\downloads\tje2019_2d\src\framework.h(274): warning C4244: 'initializing': conversion from 'double' to 'float', possible loss of data
d:\windows\arnau\downloads\tje2019_2d\src\framework.h(277): warning C4244: 'argument': conversion from 'double' to 'unsigned char', possible loss of data
d:\windows\arnau\downloads\tje2019_2d\src\image.h(54): warning C4244: 'argument': conversion from 'unsigned int' to 'float', possible loss of data
d:\windows\arnau\downloads\tje2019_2d\src\image.h(54): warning C4244: '=': conversion from 'float' to 'unsigned int', possible loss of data
d:\windows\arnau\downloads\tje2019_2d\src\image.h(55): warning C4244: 'argument': conversion from 'unsigned int' to 'float', possible loss of data
d:\windows\arnau\downloads\tje2019_2d\src\image.h(55): warning C4244: '=': conversion from 'float' to 'unsigned int', possible loss of data
d:\windows\arnau\downloads\tje2019_2d\src\image.h(62): warning C4018: '>=': signed/unsigned mismatch
d:\windows\arnau\downloads\tje2019_2d\src\image.h(75): warning C4244: 'argument': conversion from 'float' to 'int', possible loss of data
d:\windows\arnau\downloads\tje2019_2d\src\image.h(106): warning C4018: '<': signed/unsigned mismatch
d:\windows\arnau\downloads\tje2019_2d\src\image.h(107): warning C4018: '<': signed/unsigned mismatch
d:\windows\arnau\downloads\tje2019_2d\src\image.cpp(167): warning C4018: '>=': signed/unsigned mismatch
d:\windows\arnau\downloads\tje2019_2d\src\image.cpp(171): warning C4018: '>=': signed/unsigned mismatch
d:\windows\arnau\downloads\tje2019_2d\src\image.cpp(204): warning C4018: '<': signed/unsigned mismatch
  input.cpp
  main.cpp
d:\windows\arnau\downloads\tje2019_2d\src\image.h(62): warning C4018: '>=': signed/unsigned mismatch
d:\windows\arnau\downloads\tje2019_2d\src\image.h(106): warning C4018: '<': signed/unsigned mismatch
d:\windows\arnau\downloads\tje2019_2d\src\image.h(107): warning C4018: '<': signed/unsigned mismatch
  main_screen.cpp
d:\windows\arnau\downloads\tje2019_2d\src\image.h(62): warning C4018: '>=': signed/unsigned mismatch
d:\windows\arnau\downloads\tje2019_2d\src\image.h(106): warning C4018: '<': signed/unsigned mismatch
d:\windows\arnau\downloads\tje2019_2d\src\image.h(107): warning C4018: '<': signed/unsigned mismatch
  stage.cpp
d:\windows\arnau\downloads\tje2019_2d\src\image.h(62): warning C4018: '>=': signed/unsigned mismatch
d:\windows\arnau\downloads\tje2019_2d\src\image.h(106): warning C4018: '<': signed/unsigned mismatch
d:\windows\arnau\downloads\tje2019_2d\src\image.h(107): warning C4018: '<': signed/unsigned mismatch
d:\windows\arnau\downloads\tje2019_2d\src\stage.cpp(76): warning C4018: '<': signed/unsigned mismatch
  stage_lvl1.cpp
d:\windows\arnau\downloads\tje2019_2d\src\image.h(62): warning C4018: '>=': signed/unsigned mismatch
d:\windows\arnau\downloads\tje2019_2d\src\image.h(106): warning C4018: '<': signed/unsigned mismatch
d:\windows\arnau\downloads\tje2019_2d\src\image.h(107): warning C4018: '<': signed/unsigned mismatch
  synth.cpp
  utils.cpp
d:\windows\arnau\downloads\tje2019_2d\src\image.h(62): warning C4018: '>=': signed/unsigned mismatch
d:\windows\arnau\downloads\tje2019_2d\src\image.h(106): warning C4018: '<': signed/unsigned mismatch
d:\windows\arnau\downloads\tje2019_2d\src\image.h(107): warning C4018: '<': signed/unsigned mismatch
  Generating code
  586 of 593 functions (98.8%) were compiled, the rest were copied from previous compilation.
    68 functions were new in current compilation
    0 functions had inline decision re-evaluated but remain unchanged
  Finished generating code
  visual.vcxproj -> D:\Windows\Arnau\Downloads\TJE2019_2D\visual\Release\application.exe
